TN:
SF:src\app.module.ts
FN:14,(anonymous_1)
FNF:1
FNH:0
FNDA:0,(anonymous_1)
DA:1,0
DA:2,0
DA:3,0
DA:4,0
DA:5,0
DA:6,0
DA:7,0
DA:14,0
DA:29,0
LF:9
LH:0
BRF:0
BRH:0
end_of_record
TN:
SF:src\main.ts
FN:6,bootstrap
FNF:1
FNH:0
FNDA:0,bootstrap
DA:1,0
DA:2,0
DA:3,0
DA:4,0
DA:7,0
DA:8,0
DA:15,0
DA:16,0
DA:17,0
DA:19,0
LF:10
LH:0
BRF:0
BRH:0
end_of_record
TN:
SF:src\common\dto\pagination-query.dto.ts
FN:4,(anonymous_2)
FN:6,(anonymous_3)
FN:12,(anonymous_4)
FNF:3
FNH:0
FNDA:0,(anonymous_2)
FNDA:0,(anonymous_3)
FNDA:0,(anonymous_4)
DA:1,0
DA:2,0
DA:4,0
DA:6,0
DA:9,0
DA:12,0
DA:16,0
LF:7
LH:0
BRF:0
BRH:0
end_of_record
TN:
SF:src\directors\directors.controller.ts
FN:19,(anonymous_4)
FN:22,(anonymous_5)
FN:27,(anonymous_6)
FN:32,(anonymous_7)
FN:37,(anonymous_8)
FN:45,(anonymous_9)
FNF:6
FNH:0
FNDA:0,(anonymous_4)
FNDA:0,(anonymous_5)
FNDA:0,(anonymous_6)
FNDA:0,(anonymous_7)
FNDA:0,(anonymous_8)
FNDA:0,(anonymous_9)
DA:1,0
DA:12,0
DA:13,0
DA:14,0
DA:15,0
DA:18,0
DA:19,0
DA:22,0
DA:23,0
DA:27,0
DA:28,0
DA:32,0
DA:33,0
DA:37,0
DA:41,0
DA:45,0
DA:46,0
LF:17
LH:0
BRF:0
BRH:0
end_of_record
TN:
SF:src\directors\directors.module.ts
FNF:0
FNH:0
DA:1,0
DA:2,0
DA:3,0
DA:4,0
DA:5,0
DA:13,0
LF:6
LH:0
BRF:0
BRH:0
end_of_record
TN:
SF:src\directors\directors.service.ts
FN:12,(anonymous_4)
FN:17,(anonymous_5)
FN:45,(anonymous_6)
FN:57,(anonymous_7)
FN:68,(anonymous_8)
FN:73,(anonymous_9)
FN:79,(anonymous_10)
FNF:7
FNH:7
FNDA:11,(anonymous_4)
FNDA:3,(anonymous_5)
FNDA:1,(anonymous_6)
FNDA:4,(anonymous_7)
FNDA:1,(anonymous_8)
FNDA:2,(anonymous_9)
FNDA:2,(anonymous_10)
DA:1,1
DA:2,1
DA:3,1
DA:4,1
DA:11,1
DA:14,11
DA:19,3
DA:24,3
DA:26,3
DA:27,1
DA:29,3
DA:30,1
DA:32,3
DA:33,1
DA:35,3
DA:36,1
DA:39,3
DA:43,3
DA:45,3
DA:46,3
DA:54,3
DA:58,4
DA:62,4
DA:63,2
DA:65,2
DA:69,1
DA:70,1
DA:74,2
DA:75,1
DA:76,1
DA:80,2
DA:81,2
DA:82,1
LF:33
LH:33
BRDA:18,0,0,2
BRDA:18,1,0,2
BRDA:26,2,0,1
BRDA:29,3,0,1
BRDA:32,4,0,1
BRDA:35,5,0,1
BRDA:46,6,0,1
BRDA:46,6,1,2
BRDA:62,7,0,2
BRDA:81,8,0,1
BRF:10
BRH:10
end_of_record
TN:
SF:src\directors\dto\create-director.dto.ts
FNF:0
FNH:0
DA:1,0
DA:3,0
DA:6,0
DA:12,0
DA:16,0
DA:20,0
LF:6
LH:0
BRF:0
BRH:0
end_of_record
TN:
SF:src\directors\dto\query-director.dto.ts
FN:15,(anonymous_2)
FN:20,(anonymous_3)
FNF:2
FNH:0
FNDA:0,(anonymous_2)
FNDA:0,(anonymous_3)
DA:1,0
DA:2,0
DA:3,0
DA:5,0
DA:8,0
DA:12,0
DA:15,0
DA:17,0
DA:20,0
DA:22,0
LF:10
LH:0
BRF:0
BRH:0
end_of_record
TN:
SF:src\directors\dto\update-director.dto.ts
FNF:0
FNH:0
DA:1,0
DA:2,0
DA:4,0
LF:3
LH:0
BRF:0
BRH:0
end_of_record
TN:
SF:src\directors\entities\director.entity.ts
FN:28,(anonymous_2)
FN:28,(anonymous_3)
FNF:2
FNH:0
FNDA:0,(anonymous_2)
FNDA:0,(anonymous_3)
DA:1,2
DA:9,2
DA:12,2
DA:14,2
DA:17,2
DA:20,2
DA:23,2
DA:26,2
DA:28,0
DA:29,2
DA:32,2
DA:35,2
LF:12
LH:11
BRF:0
BRH:0
end_of_record
TN:
SF:src\movies\movies.controller.ts
FN:19,(anonymous_4)
FN:22,(anonymous_5)
FN:27,(anonymous_6)
FN:32,(anonymous_7)
FN:37,(anonymous_8)
FN:45,(anonymous_9)
FNF:6
FNH:0
FNDA:0,(anonymous_4)
FNDA:0,(anonymous_5)
FNDA:0,(anonymous_6)
FNDA:0,(anonymous_7)
FNDA:0,(anonymous_8)
FNDA:0,(anonymous_9)
DA:1,0
DA:12,0
DA:13,0
DA:14,0
DA:15,0
DA:18,0
DA:19,0
DA:22,0
DA:23,0
DA:27,0
DA:28,0
DA:32,0
DA:33,0
DA:37,0
DA:41,0
DA:45,0
DA:46,0
LF:17
LH:0
BRF:0
BRH:0
end_of_record
TN:
SF:src\movies\movies.module.ts
FNF:0
FNH:0
DA:1,0
DA:2,0
DA:3,0
DA:4,0
DA:5,0
DA:6,0
DA:14,0
LF:7
LH:0
BRF:0
BRH:0
end_of_record
TN:
SF:src\movies\movies.service.ts
FN:13,(anonymous_4)
FN:20,(anonymous_5)
FN:53,(anonymous_6)
FN:64,(anonymous_7)
FN:77,(anonymous_8)
FN:96,(anonymous_9)
FNF:6
FNH:6
FNDA:13,(anonymous_4)
FNDA:2,(anonymous_5)
FNDA:6,(anonymous_6)
FNDA:2,(anonymous_7)
FNDA:4,(anonymous_8)
FNDA:2,(anonymous_9)
DA:1,1
DA:2,1
DA:3,1
DA:4,1
DA:5,1
DA:12,1
DA:15,13
DA:17,13
DA:22,2
DA:24,2
DA:28,2
DA:29,1
DA:31,2
DA:32,1
DA:34,2
DA:35,1
DA:37,2
DA:38,1
DA:40,2
DA:41,1
DA:44,2
DA:48,2
DA:50,2
DA:54,6
DA:58,6
DA:59,2
DA:61,4
DA:65,2
DA:68,2
DA:69,1
DA:73,1
DA:74,1
DA:78,4
DA:80,3
DA:81,2
DA:84,2
DA:85,1
DA:89,1
DA:92,2
DA:93,2
DA:97,2
DA:98,2
DA:99,1
LF:43
LH:43
BRDA:21,0,0,1
BRDA:21,1,0,1
BRDA:28,2,0,1
BRDA:31,3,0,1
BRDA:34,4,0,1
BRDA:37,5,0,1
BRDA:40,6,0,1
BRDA:58,7,0,2
BRDA:68,8,0,1
BRDA:80,9,0,2
BRDA:84,10,0,1
BRDA:98,11,0,1
BRF:12
BRH:12
end_of_record
TN:
SF:src\movies\dto\create-movie.dto.ts
FN:36,(anonymous_2)
FNF:1
FNH:0
FNDA:0,(anonymous_2)
DA:1,0
DA:2,0
DA:12,0
DA:15,0
DA:19,0
DA:24,0
DA:28,0
DA:34,0
DA:36,0
DA:38,0
LF:10
LH:0
BRF:0
BRH:0
end_of_record
TN:
SF:src\movies\dto\query-movie.dto.ts
FN:15,(anonymous_2)
FN:21,(anonymous_3)
FN:27,(anonymous_4)
FNF:3
FNH:0
FNDA:0,(anonymous_2)
FNDA:0,(anonymous_3)
FNDA:0,(anonymous_4)
DA:1,0
DA:2,0
DA:3,0
DA:5,0
DA:8,0
DA:12,0
DA:15,0
DA:18,0
DA:21,0
DA:24,0
DA:27,0
DA:29,0
LF:12
LH:0
BRF:0
BRH:0
end_of_record
TN:
SF:src\movies\dto\update-movie.dto.ts
FNF:0
FNH:0
DA:1,0
DA:2,0
DA:4,0
LF:3
LH:0
BRF:0
BRH:0
end_of_record
TN:
SF:src\movies\entities\movie.entity.ts
FN:32,(anonymous_2)
FN:32,(anonymous_3)
FNF:2
FNH:0
FNDA:0,(anonymous_2)
FNDA:0,(anonymous_3)
DA:1,2
DA:10,2
DA:13,2
DA:15,2
DA:18,2
DA:21,2
DA:24,2
DA:27,2
DA:30,2
DA:32,0
DA:36,2
DA:39,2
DA:42,2
DA:45,2
LF:14
LH:13
BRF:0
BRH:0
end_of_record
